Build started 6/6/2020 6:26:36 PM.
     1>Project "D:\KTMT&HN\BigInteger\BigInteger\BigInteger.vcxproj" on node 2 (Build target(s)).
     1>ClCompile:
         C:\Program Files (x86)\Microsoft Visual Studio 12.0\VC\bin\CL.exe /c /Zi /nologo /W3 /WX- /sdl /O2 /Oi /Oy- /GL /D WIN32 /D NDEBUG /D _CONSOLE /D _LIB /D _UNICODE /D UNICODE /Gm- /EHsc /MD /GS /Gy /fp:precise /Zc:wchar_t /Zc:forScope /Fo"Release\\" /Fd"Release\vc120.pdb" /Gd /TP /analyze- /errorReport:prompt FileHandle.cpp Main.cpp QInt.cpp
         FileHandle.cpp
         Main.cpp
         QInt.cpp
     1>QInt.cpp(439): warning C4800: 'int' : forcing value to bool 'true' or 'false' (performance warning)
     1>QInt.cpp(548): warning C4800: 'int' : forcing value to bool 'true' or 'false' (performance warning)
     1>QInt.cpp(640): warning C4018: '<' : signed/unsigned mismatch
     1>QInt.cpp(660): warning C4018: '<' : signed/unsigned mismatch
       Link:
         C:\Program Files (x86)\Microsoft Visual Studio 12.0\VC\bin\link.exe /ERRORREPORT:PROMPT /OUT:"D:\KTMT&HN\BigInteger\Release\BigInteger.exe" /INCREMENTAL:NO /NOLOGO kernel32.lib user32.lib gdi32.lib winspool.lib comdlg32.lib advapi32.lib shell32.lib ole32.lib oleaut32.lib uuid.lib odbc32.lib odbccp32.lib /MANIFEST /MANIFESTUAC:"level='asInvoker' uiAccess='false'" /manifest:embed /DEBUG /PDB:"D:\KTMT&HN\BigInteger\Release\BigInteger.pdb" /SUBSYSTEM:CONSOLE /OPT:REF /OPT:ICF /LTCG /TLBID:1 /DYNAMICBASE /NXCOMPAT /IMPLIB:"D:\KTMT&HN\BigInteger\Release\BigInteger.lib" /MACHINE:X86 /SAFESEH Release\FileHandle.obj
         Release\Main.obj
         Release\QInt.obj
         Generating code
         Finished generating code
         BigInteger.vcxproj -> D:\KTMT&HN\BigInteger\Release\BigInteger.exe
     1>Done Building Project "D:\KTMT&HN\BigInteger\BigInteger\BigInteger.vcxproj" (Build target(s)).

Build succeeded.

Time Elapsed 00:00:08.96
